2025-10-03T17:15:42.780508 [643F2B49484A24081404010005000D00110118C10000A920480000]
2025-10-03T17:15:43.782232 [643F2B49484A25081404010005000D00110118C10000A920480000]
2025-10-03T17:15:44.780674 [643F2B49484A26081404010005000D00110118C10000A920480000]
2025-10-03T17:15:45.784509 [643F2B49484A27081404010005000D00110118C10000A920480000]
2025-10-03T17:15:46.780831 [643F2B49484A28081404010005000D00110118C10000A920480000]
2025-10-03T17:15:47.780906 [643F2B49484A29081404010005000D00110118C10000A920480000]
2025-10-03T17:15:48.783535 [643F2B49484A2A081404010005000D00110118C10000A920480000]
2025-10-03T17:15:49.781572 [643F2B49484A2B081404010005000D00110118C10000A920480000]
2025-10-03T17:15:50.782380 [643F2B49484A2C081404010005000D00110118C10000A920480000]
2025-10-03T17:15:51.781582 [643F2B49484A2D081404010005000D00110118C10000A920480000]
2025-10-03T17:15:52.785060 [643F2B49484A2E081404010005000D00110118C10000A920480000]
2025-10-03T17:15:53.781135 [643F2B49484A2F081404010005000D00110118C10000A920480000]
2025-10-03T17:15:54.780403 [643F2B49494A30081404010005000D00110118C10000A920490000]
2025-10-03T17:15:55.783409 [643F2B49494A31081404010005000D00110118C10000A920490000]
2025-10-03T17:15:56.780534 [643F2B49494A32081404010005000D00110118C10000A920490000]
2025-10-03T17:15:57.781309 [643F2B49494A33081404010005000D00110118C10000A920490000]
2025-10-03T17:15:58.779369 [643F2B49494A34081404010005000D00110118C10000A920490000]
2025-10-03T17:15:59.779945 [643F2B49494A35081404010005000D00110118C10000A920490000]
2025-10-03T17:16:00.783016 [643F2B49494A36081404010005000D00110118C10000A920490000]
2025-10-03T17:16:01.784135 [643F2B49494A37081404010005000D00110118C10000A920490000]
2025-10-03T17:16:02.778514 [643F2B49494A38081404010005000D00110118C10000A920490000]
2025-10-03T17:16:03.778686 [643F2B49494A39081404010005000D00110118C10000A920490000]
2025-10-03T17:16:04.778923 [643F2B49494A3A081404010005000D00110118C10000A920490000]
2025-10-03T17:16:05.781405 [643F2B49494A3B081404010005000D00110118C10000A920490000]
2025-10-03T17:16:06.779240 [643F2B49494A00091404010005000D00110118C10000A920490000]
2025-10-03T17:16:07.780770 [643F2B49494A01091404010005000D00110118C10000A920490000]
2025-10-03T17:16:08.781172 [643F2B49494A02091404010005000D00110118C10000A920490000]
2025-10-03T17:16:09.783554 [643F2B49494A03091404010005000D00110118C10000A920490000]
2025-10-03T17:16:10.787525 [643F2B49494A04091404010005000D00110118C10000A920490000]
2025-10-03T17:16:11.779200 [643F2B49494A05091404010005000D00110118C10000A920490000]
2025-10-03T17:16:12.778221 [643F2B49494A06091404010005000D00110118C10000A920490000]
2025-10-03T17:16:13.780498 [643F2B49494A07091404010005000D00110118C10000A920490000]
2025-10-03T17:16:14.781477 [643F2B49494A08091404010005000D00110118C10000A920490000]
2025-10-03T17:16:15.781515 [643F2B49494A09091404010005000D00110118C10000A920490000]
2025-10-03T17:16:16.778206 [643F2B49494A0A091404010005000D00110118C10000A920490000]
2025-10-03T17:16:17.781272 [643F2B49494A0B091404010005000D00110118C10000A920490000]
2025-10-03T17:16:18.778795 [643F2B49494A0C091404010005000D00110208C10000A960490000]
2025-10-03T17:16:19.777640 [643F2B49494A0D091404010005000D00110208C10000A960490000]
2025-10-03T17:16:20.777592 [643F2B49494A0E091404010005000D00110208C10000A960490000]
2025-10-03T17:16:21.777061 [643F2B49494A0F091404010005000D00110208C10000A960490000]
2025-10-03T17:16:22.777658 [643F2B49494A10091404010005000D00110208C10000A960490000]
2025-10-03T17:16:23.779696 [643F2B49494A11091404010005000D00110208C10000A960490000]
2025-10-03T17:16:24.777262 [643F2B49494A12091404010005000D00110208C10000A960490000]
2025-10-03T17:16:25.777029 [643F2B49494A13091404010005000D00110208C10000A960490000]
2025-10-03T17:16:26.777353 [643F2B49494A14091404010005000D00110208C10000A960490000]
2025-10-03T17:16:27.778952 [643F2B49494A15091404010005000D00110208C10000A960490000]
2025-10-03T17:16:28.777558 [643F2B49494A16091404010005000D00110208C10000A960490000]
2025-10-03T17:16:29.778122 [643F2B49494A17091404010005000D00110208C10000A960490000]
2025-10-03T17:16:30.782571 [643F2B49494A18091404010005000D00110208C10000A960490000]
2025-10-03T17:16:31.780869 [643F2B49494A19091404010005000D00110208C10000A960490000]
2025-10-03T17:16:32.778669 [643F2B49494A1A091404010005000D00110208C10000A960490000]
2025-10-03T17:16:33.779766 [643F2B49494A1B091404010005000D00110208C10000A960490000]
2025-10-03T17:16:34.780599 [643F2B49494A1C091404010005000D00110208C10000A960490000]
2025-10-03T17:16:35.778021 [643F2B49494A1D091404010005000D00110208C10000A960490000]
2025-10-03T17:16:36.789660 [643F2B49494A1E091404010005000D00110208C10000A960490000]
2025-10-03T17:16:37.782022 [643F2B49494A1F091404010005000D00110208C10000A960490000]
2025-10-03T17:16:38.779158 [643F2B49494A20091404010005000D00110208C10000A960490000]
2025-10-03T17:16:39.782566 [643F2B49494A21091404010005000D00110208C10000A960490000]
2025-10-03T17:16:40.779043 [643F2B49494A22091404010005000D00110208C10000A960490000]
2025-10-03T17:16:41.783448 [643F2B49494A23091404010005000D00110208C10000A960490000]
2025-10-03T17:16:42.780314 [643F2B49494A24091404010005000D00110208C10000A960490000]
2025-10-03T17:16:43.779927 [643F2B49494A25091404010005000D00110208C10000A960490000]
2025-10-03T17:16:44.780336 [643F2B49494A26091404010005000D00110208C10000A960490000]
2025-10-03T17:16:45.782494 [643F2B49494A27091404010005000D00110208C10000A960490000]
2025-10-03T17:16:48.043946 [643F2B49494A28091404010005000D00110208C10000A960490000]
2025-10-03T17:16:48.047583 [643F2B49494A29091404010005000D00110208C10000A960490000]
2025-10-03T17:16:48.780508 [643F2B49494A2A091404010005000D00110208C10000A960490000]
2025-10-03T17:16:49.780164 [643F2B49494A2B091404010005000D00110208C10000A920490000]
2025-10-03T17:16:50.781413 [643F2B49494A2C091404010005000D00110208C10000A920490000]
2025-10-03T17:16:51.785059 [643F2B49494A2D091404010005000D00110208C10000A920490000]
2025-10-03T17:16:52.780765 [643F2B49494A2E091404010005000D00110208C10000A920490000]
2025-10-03T17:16:53.780701 [643F2B49494A2F091404010005000D00110208C10000A920490000]
2025-10-03T17:16:54.780867 [643F2B49494A30091404010005000D00110208C10000A920490000]
2025-10-03T17:16:55.783330 [643F2B49494A31091404010005000D00110208C10000A920490000]
2025-10-03T17:16:56.785681 [643F2B49494A32091404010005000D00110208C10000A920490000]
2025-10-03T17:16:57.781817 [643F2B49494A33091404010005000D00110208C10000A920490000]
2025-10-03T17:16:58.785755 [643F2B49494A34091404010005000D00110208C10000A920490000]
2025-10-03T17:16:59.781880 [643F2B49494A35091404010005000D00110208C10000A920490000]
2025-10-03T17:17:00.781596 [643F2B49494A36091404010005000D00110208C10000A920490000]
2025-10-03T17:17:01.784949 [643F2B49494A37091404010005000D00110208C10000A920490000]
2025-10-03T17:17:02.784595 [643F2B49494A38091404010005000D00110208C10000A920490000]
2025-10-03T17:17:03.782918 [643F2B49494A39091404010005000D00110208C10000A920490000]
2025-10-03T17:17:04.783412 [643F2B49494A3A091404010005000D00110208C10000A920490000]
2025-10-03T17:17:05.783648 [643F2B49494A3B091404010005000D00110208C10000A920490000]
2025-10-03T17:17:06.784010 [643F2B49494A000A1404010005000D00110208C10000A920490000]
2025-10-03T17:17:07.785810 [643F2B49494A010A1404010005000D00110208C10000A920490000]
2025-10-03T17:17:08.784982 [643F2B49494A020A1404010005000D00110208C10000A920490000]
2025-10-03T17:17:09.784703 [643F2B49494A030A1404010005000D00110208C10000A920490000]
2025-10-03T17:17:10.787364 [643F2B49494A040A1404010005000D00110208C10000A920490000]
2025-10-03T17:17:11.786986 [643F2B49494A050A1404010005000D00110208C10000A920490000]
2025-10-03T17:17:12.786408 [643F2B49494A060A1404010005000D00110208C10000A920490000]
2025-10-03T17:17:13.787151 [643F2B49494A070A1404010005000D00110208C10000A920490000]
2025-10-03T17:17:14.786275 [643F2B49494A080A1404010005000D00110208C10000A920490000]
2025-10-03T17:17:15.790781 [643F2B49494A090A1404010005000D00110208C10000A920490000]
2025-10-03T17:17:16.789753 [643F2B49494A0A0A1404010005000D00110008C10000A940490000]
2025-10-03T17:17:17.787199 [643F2B49494A0B0A1404010005000D00110008C10000A940490000]
2025-10-03T17:17:18.786599 [643F2B49494A0C0A1404010005000D00110008C10000A940490000]
2025-10-03T17:17:19.787818 [643F2B49494A0D0A1404010005000D00110008C10000A940490000]
2025-10-03T17:17:20.792971 [643F2B49494A0E0A1404010005000D00110008C10000A940490000]
2025-10-03T17:17:21.790448 [643F2B49494A0F0A1404010005000D00110008C10000A940490000]
2025-10-03T17:17:22.788058 [643F2B49494A100A1404010005000D00110008C10000A940490000]
2025-10-03T17:17:23.788618 [643F2B49494A110A1404010005000D00110008C10000A940490000]
2025-10-03T17:17:24.787776 [643F2B49494A120A1404010005000D00110008C10000A940490000]
2025-10-03T17:17:25.790322 [643F2B49494A130A1404010005000D00110008C10000A940490000]
2025-10-03T17:17:26.792547 [643F2B49494A140A1404010005000D00110008C10000A940490000]
2025-10-03T17:17:27.790352 [643F2B49494A150A1404010005000D00110008C10000A940490000]
2025-10-03T17:17:28.788677 [643F2B49494A160A1404010005000D00110008C10000A940490000]
2025-10-03T17:17:29.795135 [643F2B49494A170A1404010005000D00110008C10000A940490000]
2025-10-03T17:17:30.790009 [643F2B49494A180A1404010005000D00110008C10000A940490000]
2025-10-03T17:17:31.791910 [643F2B49494A190A1404010005000D00110008C10000A940490000]
2025-10-03T17:17:32.790072 [643F2B49494A1A0A1404010005000D00110008C10000A940490000]
2025-10-03T17:17:33.794617 [643F2B49494A1B0A1404010005000D00110008C10000A940490000]
2025-10-03T17:17:34.789593 [643F2B49494A1C0A1404010005000D00110008C10000A940490000]
2025-10-03T17:17:35.793001 [643F2B49494A1D0A1404010005000D00110008C10000A940490000]
2025-10-03T17:17:36.791480 [643F2B49494A1E0A1404010005000D00110008C10000A940490000]
2025-10-03T17:17:37.791005 [643F2B49494A1F0A1404010005000D00110008C10000A940490000]
2025-10-03T17:17:38.790239 [643F2B49494A200A1404010005000D00110008C10000A940490000]
2025-10-03T17:17:39.792475 [643F2B49494A210A1404010005000D00110008C10000A940490000]
2025-10-03T17:17:40.792242 [643F2B49494A220A1404010005000D00110008C10000A940490000]
2025-10-03T17:17:41.792845 [643F2B49494A230A1404010005000D00110008C10000A940490000]
2025-10-03T17:17:42.790933 [643F2B49494A240A1404010005000D00110008C10000A940490000]
